0 info it worked if it ends with ok
1 verbose cli [ '/home/thainan/.nvm/versions/node/v5.0.0/bin/node',
1 verbose cli   '/home/thainan/.nvm/versions/node/v5.0.0/bin/npm',
1 verbose cli   'run',
1 verbose cli   'lite' ]
2 info using npm@3.3.6
3 info using node@v5.0.0
4 verbose run-script [ 'prelite', 'lite', 'postlite' ]
5 info lifecycle angular2-tutorial@1.0.0~prelite: angular2-tutorial@1.0.0
6 silly lifecycle angular2-tutorial@1.0.0~prelite: no script for prelite, continuing
7 info lifecycle angular2-tutorial@1.0.0~lite: angular2-tutorial@1.0.0
8 verbose lifecycle angular2-tutorial@1.0.0~lite: unsafe-perm in lifecycle true
9 verbose lifecycle angular2-tutorial@1.0.0~lite: PATH: /home/thainan/.nvm/versions/node/v5.0.0/lib/node_modules/npm/bin/node-gyp-bin:/home/thainan/workspace/angular2-practices/node_modules/.bin:/home/thainan/.nvm/versions/node/v5.0.0/lib/node_modules/npm/bin/node-gyp-bin:/home/thainan/workspace/angular2-practices/node_modules/.bin:/home/thainan/.nvm/versions/node/v5.0.0/bin:/home/thainan/local/bin:/home/thainan/bin:/home/thainan/.local/bin:/home/thainan/local/bin:/usr/share/rvm/gems/ruby-2.3.0/bin:/usr/share/rvm/gems/ruby-2.3.0@global/bin:/usr/share/rvm/rubies/ruby-2.3.0/bin:/home/thainan/bin:/home/thainan/.local/bin:/usr/local/sbin:/usr/local/bin:/usr/sbin:/usr/bin:/sbin:/bin:/usr/games:/usr/local/games:/snap/bin:/home/thainan/.rvm/bin:/snap/bin:/usr/share/rvm/bin:/home/thainan/.rvm/bin:/home/thainan/.fzf/bin:/home/thainan/.rvm/bin:/home/thainan/.rvm/bin
10 verbose lifecycle angular2-tutorial@1.0.0~lite: CWD: /home/thainan/workspace/angular2-practices
11 silly lifecycle angular2-tutorial@1.0.0~lite: Args: [ '-c', 'lite-server' ]
12 silly lifecycle angular2-tutorial@1.0.0~lite: Returned: code: 137  signal: null
13 info lifecycle angular2-tutorial@1.0.0~lite: Failed to exec lite script
14 verbose stack Error: angular2-tutorial@1.0.0 lite: `lite-server`
14 verbose stack Exit status 137
14 verbose stack     at EventEmitter.<anonymous> (/home/thainan/.nvm/versions/node/v5.0.0/lib/node_modules/npm/lib/utils/lifecycle.js:233:16)
14 verbose stack     at emitTwo (events.js:87:13)
14 verbose stack     at EventEmitter.emit (events.js:172:7)
14 verbose stack     at ChildProcess.<anonymous> (/home/thainan/.nvm/versions/node/v5.0.0/lib/node_modules/npm/lib/utils/spawn.js:24:14)
14 verbose stack     at emitTwo (events.js:87:13)
14 verbose stack     at ChildProcess.emit (events.js:172:7)
14 verbose stack     at maybeClose (internal/child_process.js:818:16)
14 verbose stack     at Process.ChildProcess._handle.onexit (internal/child_process.js:211:5)
15 verbose pkgid angular2-tutorial@1.0.0
16 verbose cwd /home/thainan/workspace/angular2-practices
17 error Linux 4.4.0-38-generic
18 error argv "/home/thainan/.nvm/versions/node/v5.0.0/bin/node" "/home/thainan/.nvm/versions/node/v5.0.0/bin/npm" "run" "lite"
19 error node v5.0.0
20 error npm  v3.3.6
21 error code ELIFECYCLE
22 error angular2-tutorial@1.0.0 lite: `lite-server`
22 error Exit status 137
23 error Failed at the angular2-tutorial@1.0.0 lite script 'lite-server'.
23 error This is most likely a problem with the angular2-tutorial package,
23 error not with npm itself.
23 error Tell the author that this fails on your system:
23 error     lite-server
23 error You can get their info via:
23 error     npm owner ls angular2-tutorial
23 error There is likely additional logging output above.
24 verbose exit [ 1, true ]
